<?xml version="1.0" encoding="UTF-8"?>
<testng-results skipped="0" failed="0" total="2" passed="2">
  <reporter-output>
  </reporter-output>
  <suite name="Suite" duration-ms="9972" started-at="2019-02-11T04:31:42Z" finished-at="2019-02-11T04:31:52Z">
    <groups>
    </groups>
    <test name="Test" duration-ms="9972" started-at="2019-02-11T04:31:42Z" finished-at="2019-02-11T04:31:52Z">
      <class name="demo.TestA">
        <test-method status="PASS" signature="setUp()[pri:0, instance:demo.TestA@5b1d2887]" name="setUp" is-config="true" duration-ms="5306" started-at="2019-02-11T10:01:42Z" finished-at="2019-02-11T10:01:48Z">
          <reporter-output>
          </reporter-output>
        </test-method> <!-- setUp -->
        <test-method status="PASS" signature="testGooglePageTitleInFirefox()[pri:0, instance:demo.TestA@5b1d2887]" name="testGooglePageTitleInFirefox" duration-ms="3978" started-at="2019-02-11T10:01:48Z" finished-at="2019-02-11T10:01:52Z">
          <reporter-output>
          </reporter-output>
        </test-method> <!-- testGooglePageTitleInFirefox -->
        <test-method status="PASS" signature="tearDown()[pri:0, instance:demo.TestA@5b1d2887]" name="tearDown" is-config="true" duration-ms="672" started-at="2019-02-11T10:01:52Z" finished-at="2019-02-11T10:01:52Z">
          <reporter-output>
          </reporter-output>
        </test-method> <!-- tearDown -->
      </class> <!-- demo.TestA -->
      <class name="demo.Prac">
        <test-method status="PASS" signature="demo()[pri:0, instance:demo.Prac@2280cdac]" name="demo" duration-ms="4" started-at="2019-02-11T10:01:42Z" finished-at="2019-02-11T10:01:42Z">
          <reporter-output>
          </reporter-output>
        </test-method> <!-- demo -->
      </class> <!-- demo.Prac -->
    </test> <!-- Test -->
  </suite> <!-- Suite -->
</testng-results>
